<?xml version="1.0" encoding="UTF-8"?>
<!-- Generated by org.testng.reporters.JUnitReportReporter -->
<testsuite skipped="0" hostname="DESKTOP-D26R0D6" name="Maven.AllInOne.Homepage" tests="2" failures="0" timestamp="16 Dec 2020 11:45:48 GMT" time="20.489" errors="0">
  <testcase name="yesh" time="9.573" classname="Maven.AllInOne.Homepage"/>
  <testcase name="yesh" time="10.916" classname="Maven.AllInOne.Homepage"/>
</testsuite> <!-- Maven.AllInOne.Homepage -->
