<?xml version="1.0" encoding="UTF-8"?>
<!-- Generated by org.testng.reporters.JUnitReportReporter -->
<testsuite skipped="0" hostname="DESKTOP-D26R0D6" name="Maven.AllInOne.Base" tests="1" failures="0" timestamp="14 Dec 2020 05:24:30 GMT" time="6.523" errors="0">
  <testcase name="base" time="6.523" classname="Maven.AllInOne.Base"/>
</testsuite> <!-- Maven.AllInOne.Base -->
