<?xml version="1.0" encoding="UTF-8"?>
<!-- Generated by org.testng.reporters.JUnitReportReporter -->
<testsuite skipped="0" hostname="DESKTOP-D26R0D6" name="pageObjects.LandingPage" tests="1" failures="0" timestamp="16 Dec 2020 06:12:21 GMT" time="4.626" errors="0">
  <testcase name="landingPage" time="4.626" classname="pageObjects.LandingPage"/>
</testsuite> <!-- pageObjects.LandingPage -->
